time="2026-06-17T14:04:33+02:00" level=debug msg="Running: ./openshift-install agent create image --dir /mnt/c/workdir/m346_okd_sno/ --log-level debug"
time="2026-06-17T14:04:33+02:00" level=debug msg="OpenShift Installer 5.0.0-okd-scos.ec.1"
time="2026-06-17T14:04:33+02:00" level=debug msg="Built from commit f014b1f35f7e226f5574fa91f42a5a2f2b23a6c6"
time="2026-06-17T14:04:33+02:00" level=debug msg="Fetching Agent Installer ISO..."
time="2026-06-17T14:04:33+02:00" level=debug msg="Loading Agent Installer ISO..."
time="2026-06-17T14:04:33+02:00" level=debug msg="  Loading Agent Workflow..."
time="2026-06-17T14:04:33+02:00" level=debug msg="  Loading Agent Installer ClusterInfo..."
time="2026-06-17T14:04:33+02:00" level=debug msg="    Loading Agent Workflow..."
time="2026-06-17T14:04:33+02:00" level=debug msg="    Loading AddNodes Config..."
time="2026-06-17T14:04:33+02:00" level=debug msg="  Loading Agent Installer Artifacts..."
time="2026-06-17T14:04:33+02:00" level=debug msg="    Loading Agent Installer Ignition..."
time="2026-06-17T14:04:33+02:00" level=debug msg="      Loading Agent Workflow..."
time="2026-06-17T14:04:33+02:00" level=debug msg="      Loading Agent Installer ClusterInfo..."
time="2026-06-17T14:04:33+02:00" level=debug msg="      Loading AddNodes Config..."
time="2026-06-17T14:04:33+02:00" level=debug msg="      Loading Additional import cluster config..."
time="2026-06-17T14:04:33+02:00" level=debug msg="        Loading Agent Workflow..."
time="2026-06-17T14:04:33+02:00" level=debug msg="        Loading Agent Installer ClusterInfo..."
time="2026-06-17T14:04:33+02:00" level=debug msg="      Loading Agent Manifests..."
time="2026-06-17T14:04:33+02:00" level=debug msg="        Loading Agent PullSecret..."
time="2026-06-17T14:04:33+02:00" level=debug msg="          Loading Agent Workflow..."
time="2026-06-17T14:04:33+02:00" level=debug msg="          Loading Agent Installer ClusterInfo..."
time="2026-06-17T14:04:33+02:00" level=debug msg="          Loading Install Config..."
time="2026-06-17T14:04:33+02:00" level=debug msg="Using internal constant for release image quay.io/okd/scos-release@sha256:0d6810ca8a126c8316c04cfdb4692677e293d08df7477f5bdd7736d6e61ee2bc"
time="2026-06-17T14:04:33+02:00" level=warning msg="Unable to validate the release image architecture, skipping validation"
time="2026-06-17T14:04:33+02:00" level=info msg="Configuration has 1 master replicas, 0 arbiter replicas, and 0 worker replicas"
time="2026-06-17T14:04:33+02:00" level=debug msg="          Using Install Config loaded from target directory"
time="2026-06-17T14:04:33+02:00" level=debug msg="        Loading InfraEnv Config..."
time="2026-06-17T14:04:33+02:00" level=debug msg="          Loading Agent Workflow..."
time="2026-06-17T14:04:33+02:00" level=debug msg="          Loading Agent Installer ClusterInfo..."
time="2026-06-17T14:04:33+02:00" level=debug msg="          Loading Install Config..."
time="2026-06-17T14:04:33+02:00" level=debug msg="          Loading Agent Config..."
time="2026-06-17T14:04:33+02:00" level=debug msg="        Loading NMState Config..."
time="2026-06-17T14:04:33+02:00" level=debug msg="          Loading Agent Workflow..."
time="2026-06-17T14:04:33+02:00" level=debug msg="          Loading Agent Installer ClusterInfo..."
time="2026-06-17T14:04:33+02:00" level=debug msg="          Loading Agent Hosts..."
time="2026-06-17T14:04:33+02:00" level=debug msg="            Loading Agent Workflow..."
time="2026-06-17T14:04:33+02:00" level=debug msg="            Loading AddNodes Config..."
time="2026-06-17T14:04:33+02:00" level=debug msg="            Loading Install Config..."
time="2026-06-17T14:04:33+02:00" level=debug msg="            Loading Agent Config..."
time="2026-06-17T14:04:33+02:00" level=debug msg="          Loading Install Config..."
time="2026-06-17T14:04:33+02:00" level=debug msg="        Loading AgentClusterInstall Config..."
time="2026-06-17T14:04:33+02:00" level=debug msg="          Loading Agent Workflow..."
time="2026-06-17T14:04:33+02:00" level=debug msg="          Loading Install Config..."
time="2026-06-17T14:04:33+02:00" level=debug msg="          Loading Agent Hosts..."
time="2026-06-17T14:04:33+02:00" level=debug msg="          Loading Agent Config..."
time="2026-06-17T14:04:33+02:00" level=debug msg="        Loading ClusterDeployment Config..."
time="2026-06-17T14:04:33+02:00" level=debug msg="          Loading Agent Workflow..."
time="2026-06-17T14:04:33+02:00" level=debug msg="          Loading Install Config..."
time="2026-06-17T14:04:33+02:00" level=debug msg="        Loading ClusterImageSet Config..."
time="2026-06-17T14:04:33+02:00" level=debug msg="          Loading Agent Workflow..."
time="2026-06-17T14:04:33+02:00" level=debug msg="          Loading Agent Installer ClusterInfo..."
time="2026-06-17T14:04:33+02:00" level=debug msg="          Loading Release Image Pull Spec..."
time="2026-06-17T14:04:33+02:00" level=debug msg="          Loading Install Config..."
time="2026-06-17T14:04:33+02:00" level=debug msg="      Loading Extra Manifests..."
time="2026-06-17T14:04:33+02:00" level=debug msg="      Loading Fencing Credentials..."
time="2026-06-17T14:04:33+02:00" level=debug msg="        Loading Agent Workflow..."
time="2026-06-17T14:04:33+02:00" level=debug msg="        Loading Install Config..."
time="2026-06-17T14:04:33+02:00" level=debug msg="      Loading Certificate (kube-apiserver-lb-signer)..."
time="2026-06-17T14:04:33+02:00" level=debug msg="      Loading Certificate (kube-apiserver-localhost-signer)..."
time="2026-06-17T14:04:33+02:00" level=debug msg="      Loading Certificate (kube-apiserver-service-network-signer)..."
time="2026-06-17T14:04:33+02:00" level=debug msg="      Loading Certificate (admin-kubeconfig-signer)..."
time="2026-06-17T14:04:33+02:00" level=debug msg="      Loading Kubeadmin Password..."
time="2026-06-17T14:04:33+02:00" level=debug msg="      Loading Agent Config..."
time="2026-06-17T14:04:33+02:00" level=debug msg="      Loading Agent Hosts..."
time="2026-06-17T14:04:33+02:00" level=debug msg="      Loading Mirror Registries Config..."
time="2026-06-17T14:04:33+02:00" level=debug msg="        Loading Agent Workflow..."
time="2026-06-17T14:04:33+02:00" level=debug msg="        Loading Agent Installer ClusterInfo..."
time="2026-06-17T14:04:33+02:00" level=debug msg="        Loading Install Config..."
time="2026-06-17T14:04:33+02:00" level=debug msg="        Loading Release Image Pull Spec..."
time="2026-06-17T14:04:33+02:00" level=debug msg="Using internal constant for release image quay.io/okd/scos-release@sha256:0d6810ca8a126c8316c04cfdb4692677e293d08df7477f5bdd7736d6e61ee2bc"
time="2026-06-17T14:04:33+02:00" level=debug msg="      Loading Mirror Registries Certificate File..."
time="2026-06-17T14:04:33+02:00" level=debug msg="        Loading Agent Workflow..."
time="2026-06-17T14:04:33+02:00" level=debug msg="        Loading Agent Installer ClusterInfo..."
time="2026-06-17T14:04:33+02:00" level=debug msg="        Loading Install Config..."
time="2026-06-17T14:04:33+02:00" level=debug msg="      Loading Agent Installer API Auth Config..."
time="2026-06-17T14:04:33+02:00" level=debug msg="        Loading Agent Workflow..."
time="2026-06-17T14:04:33+02:00" level=debug msg="        Loading AddNodes Config..."
time="2026-06-17T14:04:33+02:00" level=debug msg="      Loading Agent Installer InfraEnv ID..."
time="2026-06-17T14:04:33+02:00" level=debug msg="    Loading Agent ISO/PXE files Kernel Arguments..."
time="2026-06-17T14:04:33+02:00" level=debug msg="      Loading Agent Workflow..."
time="2026-06-17T14:04:33+02:00" level=debug msg="      Loading Agent Installer ClusterInfo..."
time="2026-06-17T14:04:33+02:00" level=debug msg="      Loading AgentClusterInstall Config..."
time="2026-06-17T14:04:33+02:00" level=debug msg="    Loading Base ISO Image..."
time="2026-06-17T14:04:33+02:00" level=debug msg="      Loading Agent Workflow..."
time="2026-06-17T14:04:33+02:00" level=debug msg="      Loading Agent Installer ClusterInfo..."
time="2026-06-17T14:04:33+02:00" level=debug msg="      Loading Agent Manifests..."
time="2026-06-17T14:04:33+02:00" level=debug msg="      Loading Install Config..."
time="2026-06-17T14:04:33+02:00" level=debug msg="      Loading Mirror Registries Config..."
time="2026-06-17T14:04:33+02:00" level=debug msg="    Loading Agent Manifests..."
time="2026-06-17T14:04:33+02:00" level=debug msg="    Loading AgentClusterInstall Config..."
time="2026-06-17T14:04:33+02:00" level=debug msg="    Loading Mirror Registries Config..."
time="2026-06-17T14:04:33+02:00" level=debug msg="    Loading Agent Config..."
time="2026-06-17T14:04:33+02:00" level=debug msg="    Loading Agent Workflow..."
time="2026-06-17T14:04:33+02:00" level=debug msg="    Loading Agent Installer ClusterInfo..."
time="2026-06-17T14:04:33+02:00" level=debug msg="  Loading Agent Manifests..."
time="2026-06-17T14:04:33+02:00" level=debug msg="  Loading Base ISO Image..."
time="2026-06-17T14:04:33+02:00" level=debug msg="  Loading Agent Installer API Auth Config..."
time="2026-06-17T14:04:33+02:00" level=debug msg="  Fetching Agent Workflow..."
time="2026-06-17T14:04:33+02:00" level=debug msg="  Generating Agent Workflow..."
time="2026-06-17T14:04:33+02:00" level=debug msg="  Fetching Agent Installer ClusterInfo..."
time="2026-06-17T14:04:33+02:00" level=debug msg="    Fetching Agent Workflow..."
time="2026-06-17T14:04:33+02:00" level=debug msg="    Reusing previously-fetched Agent Workflow"
time="2026-06-17T14:04:33+02:00" level=debug msg="    Fetching AddNodes Config..."
time="2026-06-17T14:04:33+02:00" level=debug msg="    Generating AddNodes Config..."
time="2026-06-17T14:04:33+02:00" level=debug msg="  Generating Agent Installer ClusterInfo..."
time="2026-06-17T14:04:33+02:00" level=debug msg="  Fetching Agent Installer Artifacts..."
time="2026-06-17T14:04:33+02:00" level=debug msg="    Fetching Agent Installer Ignition..."
time="2026-06-17T14:04:33+02:00" level=debug msg="      Fetching Agent Workflow..."
time="2026-06-17T14:04:33+02:00" level=debug msg="      Reusing previously-fetched Agent Workflow"
time="2026-06-17T14:04:33+02:00" level=debug msg="      Fetching Agent Installer ClusterInfo..."
time="2026-06-17T14:04:33+02:00" level=debug msg="      Reusing previously-fetched Agent Installer ClusterInfo"
time="2026-06-17T14:04:33+02:00" level=debug msg="      Fetching AddNodes Config..."
time="2026-06-17T14:04:33+02:00" level=debug msg="      Reusing previously-fetched AddNodes Config"
time="2026-06-17T14:04:33+02:00" level=debug msg="      Fetching Additional import cluster config..."
time="2026-06-17T14:04:33+02:00" level=debug msg="        Fetching Agent Workflow..."
time="2026-06-17T14:04:33+02:00" level=debug msg="        Reusing previously-fetched Agent Workflow"
time="2026-06-17T14:04:33+02:00" level=debug msg="        Fetching Agent Installer ClusterInfo..."
time="2026-06-17T14:04:33+02:00" level=debug msg="        Reusing previously-fetched Agent Installer ClusterInfo"
time="2026-06-17T14:04:33+02:00" level=debug msg="      Generating Additional import cluster config..."
time="2026-06-17T14:04:33+02:00" level=debug msg="      Fetching Agent Manifests..."
time="2026-06-17T14:04:33+02:00" level=debug msg="        Fetching Agent PullSecret..."
time="2026-06-17T14:04:33+02:00" level=debug msg="          Fetching Agent Workflow..."
time="2026-06-17T14:04:33+02:00" level=debug msg="          Reusing previously-fetched Agent Workflow"
time="2026-06-17T14:04:33+02:00" level=debug msg="          Fetching Agent Installer ClusterInfo..."
time="2026-06-17T14:04:33+02:00" level=debug msg="          Reusing previously-fetched Agent Installer ClusterInfo"
time="2026-06-17T14:04:33+02:00" level=debug msg="          Fetching Install Config..."
time="2026-06-17T14:04:33+02:00" level=debug msg="          Reusing previously-fetched Install Config"
time="2026-06-17T14:04:33+02:00" level=debug msg="        Generating Agent PullSecret..."
time="2026-06-17T14:04:33+02:00" level=debug msg="        Fetching InfraEnv Config..."
time="2026-06-17T14:04:33+02:00" level=debug msg="          Fetching Agent Workflow..."
time="2026-06-17T14:04:33+02:00" level=debug msg="          Reusing previously-fetched Agent Workflow"
time="2026-06-17T14:04:33+02:00" level=debug msg="          Fetching Agent Installer ClusterInfo..."
time="2026-06-17T14:04:33+02:00" level=debug msg="          Reusing previously-fetched Agent Installer ClusterInfo"
time="2026-06-17T14:04:33+02:00" level=debug msg="          Fetching Install Config..."
time="2026-06-17T14:04:33+02:00" level=debug msg="          Reusing previously-fetched Install Config"
time="2026-06-17T14:04:33+02:00" level=debug msg="          Fetching Agent Config..."
time="2026-06-17T14:04:33+02:00" level=debug msg="          Generating Agent Config..."
time="2026-06-17T14:04:33+02:00" level=debug msg="        Generating InfraEnv Config..."
time="2026-06-17T14:04:33+02:00" level=debug msg="        Fetching NMState Config..."
time="2026-06-17T14:04:33+02:00" level=debug msg="          Fetching Agent Workflow..."
time="2026-06-17T14:04:33+02:00" level=debug msg="          Reusing previously-fetched Agent Workflow"
time="2026-06-17T14:04:33+02:00" level=debug msg="          Fetching Agent Installer ClusterInfo..."
time="2026-06-17T14:04:33+02:00" level=debug msg="          Reusing previously-fetched Agent Installer ClusterInfo"
time="2026-06-17T14:04:33+02:00" level=debug msg="          Fetching Agent Hosts..."
time="2026-06-17T14:04:33+02:00" level=debug msg="            Fetching Agent Workflow..."
time="2026-06-17T14:04:33+02:00" level=debug msg="            Reusing previously-fetched Agent Workflow"
time="2026-06-17T14:04:33+02:00" level=debug msg="            Fetching AddNodes Config..."
time="2026-06-17T14:04:33+02:00" level=debug msg="            Reusing previously-fetched AddNodes Config"
time="2026-06-17T14:04:33+02:00" level=debug msg="            Fetching Install Config..."
time="2026-06-17T14:04:33+02:00" level=debug msg="            Reusing previously-fetched Install Config"
time="2026-06-17T14:04:33+02:00" level=debug msg="            Fetching Agent Config..."
time="2026-06-17T14:04:33+02:00" level=debug msg="            Reusing previously-fetched Agent Config"
time="2026-06-17T14:04:33+02:00" level=debug msg="          Generating Agent Hosts..."
time="2026-06-17T14:04:33+02:00" level=debug msg="          Fetching Install Config..."
time="2026-06-17T14:04:33+02:00" level=debug msg="          Reusing previously-fetched Install Config"
time="2026-06-17T14:04:33+02:00" level=debug msg="        Generating NMState Config..."
time="2026-06-17T14:04:33+02:00" level=debug msg="        Fetching AgentClusterInstall Config..."
time="2026-06-17T14:04:33+02:00" level=debug msg="          Fetching Agent Workflow..."
time="2026-06-17T14:04:33+02:00" level=debug msg="          Reusing previously-fetched Agent Workflow"
time="2026-06-17T14:04:33+02:00" level=debug msg="          Fetching Install Config..."
time="2026-06-17T14:04:33+02:00" level=debug msg="          Reusing previously-fetched Install Config"
time="2026-06-17T14:04:33+02:00" level=debug msg="          Fetching Agent Hosts..."
time="2026-06-17T14:04:33+02:00" level=debug msg="          Reusing previously-fetched Agent Hosts"
time="2026-06-17T14:04:33+02:00" level=debug msg="          Fetching Agent Config..."
time="2026-06-17T14:04:33+02:00" level=debug msg="          Reusing previously-fetched Agent Config"
time="2026-06-17T14:04:33+02:00" level=debug msg="        Generating AgentClusterInstall Config..."
time="2026-06-17T14:04:33+02:00" level=debug msg="Setting UserManagedNetworking to true for None platform"
time="2026-06-17T14:04:33+02:00" level=debug msg="        Fetching ClusterDeployment Config..."
time="2026-06-17T14:04:33+02:00" level=debug msg="          Fetching Agent Workflow..."
time="2026-06-17T14:04:33+02:00" level=debug msg="          Reusing previously-fetched Agent Workflow"
time="2026-06-17T14:04:33+02:00" level=debug msg="          Fetching Install Config..."
time="2026-06-17T14:04:33+02:00" level=debug msg="          Reusing previously-fetched Install Config"
time="2026-06-17T14:04:33+02:00" level=debug msg="        Generating ClusterDeployment Config..."
time="2026-06-17T14:04:33+02:00" level=debug msg="        Fetching ClusterImageSet Config..."
time="2026-06-17T14:04:33+02:00" level=debug msg="          Fetching Agent Workflow..."
time="2026-06-17T14:04:33+02:00" level=debug msg="          Reusing previously-fetched Agent Workflow"
time="2026-06-17T14:04:33+02:00" level=debug msg="          Fetching Agent Installer ClusterInfo..."
time="2026-06-17T14:04:33+02:00" level=debug msg="          Reusing previously-fetched Agent Installer ClusterInfo"
time="2026-06-17T14:04:33+02:00" level=debug msg="          Fetching Release Image Pull Spec..."
time="2026-06-17T14:04:33+02:00" level=debug msg="          Generating Release Image Pull Spec..."
time="2026-06-17T14:04:33+02:00" level=debug msg="Using internal constant for release image quay.io/okd/scos-release@sha256:0d6810ca8a126c8316c04cfdb4692677e293d08df7477f5bdd7736d6e61ee2bc"
time="2026-06-17T14:04:33+02:00" level=debug msg="          Fetching Install Config..."
time="2026-06-17T14:04:33+02:00" level=debug msg="          Reusing previously-fetched Install Config"
time="2026-06-17T14:04:33+02:00" level=debug msg="        Generating ClusterImageSet Config..."
time="2026-06-17T14:04:33+02:00" level=debug msg="Using internal constant for release image quay.io/okd/scos-release@sha256:0d6810ca8a126c8316c04cfdb4692677e293d08df7477f5bdd7736d6e61ee2bc"
time="2026-06-17T14:04:33+02:00" level=debug msg="      Generating Agent Manifests..."
time="2026-06-17T14:04:33+02:00" level=debug msg="      Fetching Extra Manifests..."
time="2026-06-17T14:04:33+02:00" level=debug msg="      Generating Extra Manifests..."
time="2026-06-17T14:04:33+02:00" level=debug msg="      Fetching Fencing Credentials..."
time="2026-06-17T14:04:33+02:00" level=debug msg="        Fetching Agent Workflow..."
time="2026-06-17T14:04:33+02:00" level=debug msg="        Reusing previously-fetched Agent Workflow"
time="2026-06-17T14:04:33+02:00" level=debug msg="        Fetching Install Config..."
time="2026-06-17T14:04:33+02:00" level=debug msg="        Reusing previously-fetched Install Config"
time="2026-06-17T14:04:33+02:00" level=debug msg="      Generating Fencing Credentials..."
time="2026-06-17T14:04:33+02:00" level=debug msg="      Fetching Certificate (kube-apiserver-lb-signer)..."
time="2026-06-17T14:04:33+02:00" level=debug msg="      Generating Certificate (kube-apiserver-lb-signer)..."
time="2026-06-17T14:04:33+02:00" level=debug msg="      Fetching Certificate (kube-apiserver-localhost-signer)..."
time="2026-06-17T14:04:33+02:00" level=debug msg="      Generating Certificate (kube-apiserver-localhost-signer)..."
time="2026-06-17T14:04:33+02:00" level=debug msg="      Fetching Certificate (kube-apiserver-service-network-signer)..."
time="2026-06-17T14:04:33+02:00" level=debug msg="      Generating Certificate (kube-apiserver-service-network-signer)..."
time="2026-06-17T14:04:33+02:00" level=debug msg="      Fetching Certificate (admin-kubeconfig-signer)..."
time="2026-06-17T14:04:33+02:00" level=debug msg="      Generating Certificate (admin-kubeconfig-signer)..."
time="2026-06-17T14:04:33+02:00" level=debug msg="      Fetching Kubeadmin Password..."
time="2026-06-17T14:04:33+02:00" level=debug msg="      Generating Kubeadmin Password..."
time="2026-06-17T14:04:33+02:00" level=debug msg="      Fetching Agent Config..."
time="2026-06-17T14:04:33+02:00" level=debug msg="      Reusing previously-fetched Agent Config"
time="2026-06-17T14:04:33+02:00" level=debug msg="      Fetching Agent Hosts..."
time="2026-06-17T14:04:33+02:00" level=debug msg="      Reusing previously-fetched Agent Hosts"
time="2026-06-17T14:04:33+02:00" level=debug msg="      Fetching Mirror Registries Config..."
time="2026-06-17T14:04:33+02:00" level=debug msg="        Fetching Agent Workflow..."
time="2026-06-17T14:04:33+02:00" level=debug msg="        Reusing previously-fetched Agent Workflow"
time="2026-06-17T14:04:33+02:00" level=debug msg="        Fetching Agent Installer ClusterInfo..."
time="2026-06-17T14:04:33+02:00" level=debug msg="        Reusing previously-fetched Agent Installer ClusterInfo"
time="2026-06-17T14:04:33+02:00" level=debug msg="        Fetching Install Config..."
time="2026-06-17T14:04:33+02:00" level=debug msg="        Reusing previously-fetched Install Config"
time="2026-06-17T14:04:33+02:00" level=debug msg="        Fetching Release Image Pull Spec..."
time="2026-06-17T14:04:33+02:00" level=debug msg="        Reusing previously-fetched Release Image Pull Spec"
time="2026-06-17T14:04:33+02:00" level=debug msg="      Generating Mirror Registries Config..."
time="2026-06-17T14:04:33+02:00" level=debug msg="      Fetching Mirror Registries Certificate File..."
time="2026-06-17T14:04:33+02:00" level=debug msg="        Fetching Agent Workflow..."
time="2026-06-17T14:04:33+02:00" level=debug msg="        Reusing previously-fetched Agent Workflow"
time="2026-06-17T14:04:33+02:00" level=debug msg="        Fetching Agent Installer ClusterInfo..."
time="2026-06-17T14:04:33+02:00" level=debug msg="        Reusing previously-fetched Agent Installer ClusterInfo"
time="2026-06-17T14:04:33+02:00" level=debug msg="        Fetching Install Config..."
time="2026-06-17T14:04:33+02:00" level=debug msg="        Reusing previously-fetched Install Config"
time="2026-06-17T14:04:33+02:00" level=debug msg="      Generating Mirror Registries Certificate File..."
time="2026-06-17T14:04:33+02:00" level=debug msg="      Fetching Agent Installer API Auth Config..."
time="2026-06-17T14:04:33+02:00" level=debug msg="        Fetching Agent Workflow..."
time="2026-06-17T14:04:33+02:00" level=debug msg="        Reusing previously-fetched Agent Workflow"
time="2026-06-17T14:04:33+02:00" level=debug msg="        Fetching AddNodes Config..."
time="2026-06-17T14:04:33+02:00" level=debug msg="        Reusing previously-fetched AddNodes Config"
time="2026-06-17T14:04:33+02:00" level=debug msg="      Generating Agent Installer API Auth Config..."
time="2026-06-17T14:04:33+02:00" level=debug msg="      Fetching Agent Installer InfraEnv ID..."
time="2026-06-17T14:04:33+02:00" level=debug msg="      Generating Agent Installer InfraEnv ID..."
time="2026-06-17T14:04:33+02:00" level=debug msg="    Generating Agent Installer Ignition..."
time="2026-06-17T14:04:33+02:00" level=error msg="failed to write asset (Agent Installer ISO) to disk: cannot generate ISO image due to configuration errors"
time="2026-06-17T14:04:33+02:00" level=fatal msg="failed to fetch Agent Installer ISO: failed to fetch dependency of \"Agent Installer ISO\": failed to fetch dependency of \"Agent Installer Artifacts\": failed to generate asset \"Agent Installer Ignition\": missing rendezvousIP in agent-config, at least one host networkConfig, or at least one NMStateConfig manifest: invalid NMState configurations provided, no interface IPs set"
time="2026-06-17T14:16:15+02:00" level=debug msg="Running: ./openshift-install agent create image --dir /mnt/c/workdir/m346_okd_sno/ --log-level debug"
time="2026-06-17T14:16:15+02:00" level=debug msg="OpenShift Installer 5.0.0-okd-scos.ec.1"
time="2026-06-17T14:16:15+02:00" level=debug msg="Built from commit f014b1f35f7e226f5574fa91f42a5a2f2b23a6c6"
time="2026-06-17T14:16:15+02:00" level=debug msg="Fetching Agent Installer ISO..."
time="2026-06-17T14:16:15+02:00" level=debug msg="Loading Agent Installer ISO..."
time="2026-06-17T14:16:15+02:00" level=debug msg="  Loading Agent Workflow..."
time="2026-06-17T14:16:15+02:00" level=debug msg="  Loading Agent Installer ClusterInfo..."
time="2026-06-17T14:16:15+02:00" level=debug msg="    Loading Agent Workflow..."
time="2026-06-17T14:16:15+02:00" level=debug msg="    Loading AddNodes Config..."
time="2026-06-17T14:16:15+02:00" level=debug msg="  Loading Agent Installer Artifacts..."
time="2026-06-17T14:16:15+02:00" level=debug msg="    Loading Agent Installer Ignition..."
time="2026-06-17T14:16:15+02:00" level=debug msg="      Loading Agent Workflow..."
time="2026-06-17T14:16:15+02:00" level=debug msg="      Loading Agent Installer ClusterInfo..."
time="2026-06-17T14:16:15+02:00" level=debug msg="      Loading AddNodes Config..."
time="2026-06-17T14:16:15+02:00" level=debug msg="      Loading Additional import cluster config..."
time="2026-06-17T14:16:15+02:00" level=debug msg="        Loading Agent Workflow..."
time="2026-06-17T14:16:15+02:00" level=debug msg="        Loading Agent Installer ClusterInfo..."
time="2026-06-17T14:16:15+02:00" level=debug msg="      Loading Agent Manifests..."
time="2026-06-17T14:16:15+02:00" level=debug msg="        Loading Agent PullSecret..."
time="2026-06-17T14:16:15+02:00" level=debug msg="          Loading Agent Workflow..."
time="2026-06-17T14:16:15+02:00" level=debug msg="          Loading Agent Installer ClusterInfo..."
time="2026-06-17T14:16:15+02:00" level=debug msg="          Loading Install Config..."
time="2026-06-17T14:16:15+02:00" level=debug msg="Using internal constant for release image quay.io/okd/scos-release@sha256:0d6810ca8a126c8316c04cfdb4692677e293d08df7477f5bdd7736d6e61ee2bc"
time="2026-06-17T14:16:15+02:00" level=warning msg="Unable to validate the release image architecture, skipping validation"
time="2026-06-17T14:16:15+02:00" level=info msg="Configuration has 1 master replicas, 0 arbiter replicas, and 0 worker replicas"
time="2026-06-17T14:16:15+02:00" level=debug msg="          Using Install Config loaded from target directory"
time="2026-06-17T14:16:15+02:00" level=debug msg="        Loading InfraEnv Config..."
time="2026-06-17T14:16:15+02:00" level=debug msg="          Loading Agent Workflow..."
time="2026-06-17T14:16:15+02:00" level=debug msg="          Loading Agent Installer ClusterInfo..."
time="2026-06-17T14:16:15+02:00" level=debug msg="          Loading Install Config..."
time="2026-06-17T14:16:15+02:00" level=debug msg="          Loading Agent Config..."
time="2026-06-17T14:16:15+02:00" level=debug msg="          Using Agent Config loaded from target directory"
time="2026-06-17T14:16:15+02:00" level=debug msg="        Loading NMState Config..."
time="2026-06-17T14:16:15+02:00" level=debug msg="          Loading Agent Workflow..."
time="2026-06-17T14:16:15+02:00" level=debug msg="          Loading Agent Installer ClusterInfo..."
time="2026-06-17T14:16:15+02:00" level=debug msg="          Loading Agent Hosts..."
time="2026-06-17T14:16:15+02:00" level=debug msg="            Loading Agent Workflow..."
time="2026-06-17T14:16:15+02:00" level=debug msg="            Loading AddNodes Config..."
time="2026-06-17T14:16:15+02:00" level=debug msg="            Loading Install Config..."
time="2026-06-17T14:16:15+02:00" level=debug msg="            Loading Agent Config..."
time="2026-06-17T14:16:15+02:00" level=debug msg="          Loading Install Config..."
time="2026-06-17T14:16:15+02:00" level=debug msg="        Loading AgentClusterInstall Config..."
time="2026-06-17T14:16:15+02:00" level=debug msg="          Loading Agent Workflow..."
time="2026-06-17T14:16:15+02:00" level=debug msg="          Loading Install Config..."
time="2026-06-17T14:16:15+02:00" level=debug msg="          Loading Agent Hosts..."
time="2026-06-17T14:16:15+02:00" level=debug msg="          Loading Agent Config..."
time="2026-06-17T14:16:15+02:00" level=debug msg="        Loading ClusterDeployment Config..."
time="2026-06-17T14:16:15+02:00" level=debug msg="          Loading Agent Workflow..."
time="2026-06-17T14:16:15+02:00" level=debug msg="          Loading Install Config..."
time="2026-06-17T14:16:15+02:00" level=debug msg="        Loading ClusterImageSet Config..."
time="2026-06-17T14:16:15+02:00" level=debug msg="          Loading Agent Workflow..."
time="2026-06-17T14:16:15+02:00" level=debug msg="          Loading Agent Installer ClusterInfo..."
time="2026-06-17T14:16:15+02:00" level=debug msg="          Loading Release Image Pull Spec..."
time="2026-06-17T14:16:15+02:00" level=debug msg="          Loading Install Config..."
time="2026-06-17T14:16:15+02:00" level=debug msg="      Loading Extra Manifests..."
time="2026-06-17T14:16:15+02:00" level=debug msg="      Loading Fencing Credentials..."
time="2026-06-17T14:16:15+02:00" level=debug msg="        Loading Agent Workflow..."
time="2026-06-17T14:16:15+02:00" level=debug msg="        Loading Install Config..."
time="2026-06-17T14:16:15+02:00" level=debug msg="      Loading Certificate (kube-apiserver-lb-signer)..."
time="2026-06-17T14:16:15+02:00" level=debug msg="      Loading Certificate (kube-apiserver-localhost-signer)..."
time="2026-06-17T14:16:15+02:00" level=debug msg="      Loading Certificate (kube-apiserver-service-network-signer)..."
time="2026-06-17T14:16:15+02:00" level=debug msg="      Loading Certificate (admin-kubeconfig-signer)..."
time="2026-06-17T14:16:15+02:00" level=debug msg="      Loading Kubeadmin Password..."
time="2026-06-17T14:16:15+02:00" level=debug msg="      Loading Agent Config..."
time="2026-06-17T14:16:15+02:00" level=debug msg="      Loading Agent Hosts..."
time="2026-06-17T14:16:15+02:00" level=debug msg="      Loading Mirror Registries Config..."
time="2026-06-17T14:16:15+02:00" level=debug msg="        Loading Agent Workflow..."
time="2026-06-17T14:16:15+02:00" level=debug msg="        Loading Agent Installer ClusterInfo..."
time="2026-06-17T14:16:15+02:00" level=debug msg="        Loading Install Config..."
time="2026-06-17T14:16:15+02:00" level=debug msg="        Loading Release Image Pull Spec..."
time="2026-06-17T14:16:15+02:00" level=debug msg="Using internal constant for release image quay.io/okd/scos-release@sha256:0d6810ca8a126c8316c04cfdb4692677e293d08df7477f5bdd7736d6e61ee2bc"
time="2026-06-17T14:16:15+02:00" level=debug msg="      Loading Mirror Registries Certificate File..."
time="2026-06-17T14:16:15+02:00" level=debug msg="        Loading Agent Workflow..."
time="2026-06-17T14:16:15+02:00" level=debug msg="        Loading Agent Installer ClusterInfo..."
time="2026-06-17T14:16:15+02:00" level=debug msg="        Loading Install Config..."
time="2026-06-17T14:16:15+02:00" level=debug msg="      Loading Agent Installer API Auth Config..."
time="2026-06-17T14:16:15+02:00" level=debug msg="        Loading Agent Workflow..."
time="2026-06-17T14:16:15+02:00" level=debug msg="        Loading AddNodes Config..."
time="2026-06-17T14:16:15+02:00" level=debug msg="      Loading Agent Installer InfraEnv ID..."
time="2026-06-17T14:16:15+02:00" level=debug msg="    Loading Agent ISO/PXE files Kernel Arguments..."
time="2026-06-17T14:16:15+02:00" level=debug msg="      Loading Agent Workflow..."
time="2026-06-17T14:16:15+02:00" level=debug msg="      Loading Agent Installer ClusterInfo..."
time="2026-06-17T14:16:15+02:00" level=debug msg="      Loading AgentClusterInstall Config..."
time="2026-06-17T14:16:15+02:00" level=debug msg="    Loading Base ISO Image..."
time="2026-06-17T14:16:15+02:00" level=debug msg="      Loading Agent Workflow..."
time="2026-06-17T14:16:15+02:00" level=debug msg="      Loading Agent Installer ClusterInfo..."
time="2026-06-17T14:16:15+02:00" level=debug msg="      Loading Agent Manifests..."
time="2026-06-17T14:16:15+02:00" level=debug msg="      Loading Install Config..."
time="2026-06-17T14:16:15+02:00" level=debug msg="      Loading Mirror Registries Config..."
time="2026-06-17T14:16:15+02:00" level=debug msg="    Loading Agent Manifests..."
time="2026-06-17T14:16:15+02:00" level=debug msg="    Loading AgentClusterInstall Config..."
time="2026-06-17T14:16:15+02:00" level=debug msg="    Loading Mirror Registries Config..."
time="2026-06-17T14:16:15+02:00" level=debug msg="    Loading Agent Config..."
time="2026-06-17T14:16:15+02:00" level=debug msg="    Loading Agent Workflow..."
time="2026-06-17T14:16:15+02:00" level=debug msg="    Loading Agent Installer ClusterInfo..."
time="2026-06-17T14:16:15+02:00" level=debug msg="  Loading Agent Manifests..."
time="2026-06-17T14:16:15+02:00" level=debug msg="  Loading Base ISO Image..."
time="2026-06-17T14:16:15+02:00" level=debug msg="  Loading Agent Installer API Auth Config..."
time="2026-06-17T14:16:15+02:00" level=debug msg="  Fetching Agent Workflow..."
time="2026-06-17T14:16:15+02:00" level=debug msg="  Generating Agent Workflow..."
time="2026-06-17T14:16:15+02:00" level=debug msg="  Fetching Agent Installer ClusterInfo..."
time="2026-06-17T14:16:15+02:00" level=debug msg="    Fetching Agent Workflow..."
time="2026-06-17T14:16:15+02:00" level=debug msg="    Reusing previously-fetched Agent Workflow"
time="2026-06-17T14:16:15+02:00" level=debug msg="    Fetching AddNodes Config..."
time="2026-06-17T14:16:15+02:00" level=debug msg="    Generating AddNodes Config..."
time="2026-06-17T14:16:15+02:00" level=debug msg="  Generating Agent Installer ClusterInfo..."
time="2026-06-17T14:16:15+02:00" level=debug msg="  Fetching Agent Installer Artifacts..."
time="2026-06-17T14:16:15+02:00" level=debug msg="    Fetching Agent Installer Ignition..."
time="2026-06-17T14:16:15+02:00" level=debug msg="      Fetching Agent Workflow..."
time="2026-06-17T14:16:15+02:00" level=debug msg="      Reusing previously-fetched Agent Workflow"
time="2026-06-17T14:16:15+02:00" level=debug msg="      Fetching Agent Installer ClusterInfo..."
time="2026-06-17T14:16:15+02:00" level=debug msg="      Reusing previously-fetched Agent Installer ClusterInfo"
time="2026-06-17T14:16:15+02:00" level=debug msg="      Fetching AddNodes Config..."
time="2026-06-17T14:16:15+02:00" level=debug msg="      Reusing previously-fetched AddNodes Config"
time="2026-06-17T14:16:15+02:00" level=debug msg="      Fetching Additional import cluster config..."
time="2026-06-17T14:16:15+02:00" level=debug msg="        Fetching Agent Workflow..."
time="2026-06-17T14:16:15+02:00" level=debug msg="        Reusing previously-fetched Agent Workflow"
time="2026-06-17T14:16:15+02:00" level=debug msg="        Fetching Agent Installer ClusterInfo..."
time="2026-06-17T14:16:15+02:00" level=debug msg="        Reusing previously-fetched Agent Installer ClusterInfo"
time="2026-06-17T14:16:15+02:00" level=debug msg="      Generating Additional import cluster config..."
time="2026-06-17T14:16:15+02:00" level=debug msg="      Fetching Agent Manifests..."
time="2026-06-17T14:16:15+02:00" level=debug msg="        Fetching Agent PullSecret..."
time="2026-06-17T14:16:15+02:00" level=debug msg="          Fetching Agent Workflow..."
time="2026-06-17T14:16:15+02:00" level=debug msg="          Reusing previously-fetched Agent Workflow"
time="2026-06-17T14:16:15+02:00" level=debug msg="          Fetching Agent Installer ClusterInfo..."
time="2026-06-17T14:16:15+02:00" level=debug msg="          Reusing previously-fetched Agent Installer ClusterInfo"
time="2026-06-17T14:16:15+02:00" level=debug msg="          Fetching Install Config..."
time="2026-06-17T14:16:15+02:00" level=debug msg="          Reusing previously-fetched Install Config"
time="2026-06-17T14:16:15+02:00" level=debug msg="        Generating Agent PullSecret..."
time="2026-06-17T14:16:15+02:00" level=debug msg="        Fetching InfraEnv Config..."
time="2026-06-17T14:16:15+02:00" level=debug msg="          Fetching Agent Workflow..."
time="2026-06-17T14:16:15+02:00" level=debug msg="          Reusing previously-fetched Agent Workflow"
time="2026-06-17T14:16:15+02:00" level=debug msg="          Fetching Agent Installer ClusterInfo..."
time="2026-06-17T14:16:15+02:00" level=debug msg="          Reusing previously-fetched Agent Installer ClusterInfo"
time="2026-06-17T14:16:15+02:00" level=debug msg="          Fetching Install Config..."
time="2026-06-17T14:16:15+02:00" level=debug msg="          Reusing previously-fetched Install Config"
time="2026-06-17T14:16:15+02:00" level=debug msg="          Fetching Agent Config..."
time="2026-06-17T14:16:15+02:00" level=debug msg="          Reusing previously-fetched Agent Config"
time="2026-06-17T14:16:15+02:00" level=debug msg="        Generating InfraEnv Config..."
time="2026-06-17T14:16:15+02:00" level=debug msg="        Fetching NMState Config..."
time="2026-06-17T14:16:15+02:00" level=debug msg="          Fetching Agent Workflow..."
time="2026-06-17T14:16:15+02:00" level=debug msg="          Reusing previously-fetched Agent Workflow"
time="2026-06-17T14:16:15+02:00" level=debug msg="          Fetching Agent Installer ClusterInfo..."
time="2026-06-17T14:16:15+02:00" level=debug msg="          Reusing previously-fetched Agent Installer ClusterInfo"
time="2026-06-17T14:16:15+02:00" level=debug msg="          Fetching Agent Hosts..."
time="2026-06-17T14:16:15+02:00" level=debug msg="            Fetching Agent Workflow..."
time="2026-06-17T14:16:15+02:00" level=debug msg="            Reusing previously-fetched Agent Workflow"
time="2026-06-17T14:16:15+02:00" level=debug msg="            Fetching AddNodes Config..."
time="2026-06-17T14:16:15+02:00" level=debug msg="            Reusing previously-fetched AddNodes Config"
time="2026-06-17T14:16:15+02:00" level=debug msg="            Fetching Install Config..."
time="2026-06-17T14:16:15+02:00" level=debug msg="            Reusing previously-fetched Install Config"
time="2026-06-17T14:16:15+02:00" level=debug msg="            Fetching Agent Config..."
time="2026-06-17T14:16:15+02:00" level=debug msg="            Reusing previously-fetched Agent Config"
time="2026-06-17T14:16:15+02:00" level=debug msg="          Generating Agent Hosts..."
time="2026-06-17T14:16:15+02:00" level=debug msg="Using hosts from agent-config.yaml"
time="2026-06-17T14:16:15+02:00" level=error msg="failed to write asset (Agent Installer ISO) to disk: cannot generate ISO image due to configuration errors"
time="2026-06-17T14:16:15+02:00" level=fatal msg="failed to fetch Agent Installer ISO: failed to fetch dependency of \"Agent Installer ISO\": failed to fetch dependency of \"Agent Installer Artifacts\": failed to fetch dependency of \"Agent Installer Ignition\": failed to fetch dependency of \"Agent Manifests\": failed to fetch dependency of \"NMState Config\": failed to generate asset \"Agent Hosts\": invalid Hosts configuration: hosts[0].interfaces: Required value: at least one interface must be defined for each node"
